
SQL*Loader: Release 10.2.0.1.0 - Production on Mon Jun 27 16:07:47 2016

Copyright (c) 1982, 2005, Oracle.  All rights reserved.

Control File:   department.ctl
Data File:      G:\TEST\department.txt
  Bad File:     department.bad
  Discard File:  none specified
 
 (Allow all discards)

Number to load: ALL
Number to skip: 0
Errors allowed: 50
Bind array:     64 rows, maximum of 256000 bytes
Continuation:    none specified
Path used:      Conventional

Table DEPARTMENT, loaded from every logical record.
Insert option in effect for this table: INSERT

   Column Name                  Position   Len  Term Encl Datatype
------------------------------ ---------- ----- ---- ---- ---------------------
DEPARTMENT_CODE                     FIRST     *   |       CHARACTER            
DEPARTMENT_NAME                      NEXT     *   |       CHARACTER            


Table DEPARTMENT:
  9 Rows successfully loaded.
  0 Rows not loaded due to data errors.
  0 Rows not loaded because all WHEN clauses were failed.
  0 Rows not loaded because all fields were null.


Space allocated for bind array:                  33024 bytes(64 rows)
Read   buffer bytes: 1048576

Total logical records skipped:          0
Total logical records read:             9
Total logical records rejected:         0
Total logical records discarded:        0

Run began on Mon Jun 27 16:07:47 2016
Run ended on Mon Jun 27 16:07:51 2016

Elapsed time was:     00:00:03.68
CPU time was:         00:00:00.08
